[debug] [2017-11-19T20:39:27.469Z] ----------------------------------------------------------------------
[debug] [2017-11-19T20:39:27.472Z] Command:       /usr/local/bin/node /usr/local/bin/firebase serve
[debug] [2017-11-19T20:39:27.473Z] CLI Version:   3.13.1
[debug] [2017-11-19T20:39:27.473Z] Platform:      darwin
[debug] [2017-11-19T20:39:27.473Z] Node Version:  v6.11.2
[debug] [2017-11-19T20:39:27.474Z] Time:          Sun Nov 19 2017 12:39:27 GMT-0800 (PST)
[debug] [2017-11-19T20:39:27.474Z] ----------------------------------------------------------------------
[debug] 
[debug] [2017-11-19T20:39:27.503Z] > command requires scopes: ["email","openid","https://www.googleapis.com/auth/cloudplatformprojects.readonly","https://www.googleapis.com/auth/firebase","https://www.googleapis.com/auth/cloud-platform"]
[debug] [2017-11-19T20:39:27.504Z] > authorizing via signed-in user
[debug] [2017-11-19T20:39:27.507Z] > refreshing access token with scopes: ["email","https://www.googleapis.com/auth/cloud-platform","https://www.googleapis.com/auth/cloudplatformprojects.readonly","https://www.googleapis.com/auth/firebase","openid"]
[debug] [2017-11-19T20:39:27.507Z] >>> HTTP REQUEST POST https://www.googleapis.com/oauth2/v3/token { refresh_token: '1/G9KpFiiEbkIYaXh8RxL8NAnPXOFC33bUmYvBE0QjDpRrD27sFo_NdyiXoZLYEc8q',
  client_id: '563584335869-fgrhgmd47bqnekij5i8b5pr03ho849e6.apps.googleusercontent.com',
  client_secret: 'j9iVZfS8kkCEFUPaAeJV0sAi',
  grant_type: 'refresh_token',
  scope: 'email https://www.googleapis.com/auth/cloud-platform https://www.googleapis.com/auth/cloudplatformprojects.readonly https://www.googleapis.com/auth/firebase openid' } 
 Sun Nov 19 2017 12:39:27 GMT-0800 (PST)
[debug] [2017-11-19T20:39:27.786Z] <<< HTTP RESPONSE 200
[debug] [2017-11-19T20:39:27.800Z] >>> HTTP REQUEST GET https://admin.firebase.com/v1/projects/cse-134b-hw2-702d4  
 Sun Nov 19 2017 12:39:27 GMT-0800 (PST)
[debug] [2017-11-19T20:39:28.339Z] <<< HTTP RESPONSE 200
[debug] [2017-11-19T20:39:28.340Z] >>> HTTP REQUEST GET https://admin.firebase.com/v1/database/cse-134b-hw2-702d4/tokens  
 Sun Nov 19 2017 12:39:28 GMT-0800 (PST)
[debug] [2017-11-19T20:39:28.769Z] <<< HTTP RESPONSE 200
[info] 
[info] === Serving from '/Users/erictseng/Desktop/School Projects/cse134b/team page'...
[info] 
[debug] [2017-11-19T20:39:28.773Z] >>> HTTP REQUEST GET https://cloudresourcemanager.googleapis.com/v1/projects/cse-134b-hw2-702d4  
 Sun Nov 19 2017 12:39:28 GMT-0800 (PST)
[debug] [2017-11-19T20:39:29.262Z] <<< HTTP RESPONSE 200
[debug] [2017-11-19T20:39:29.263Z] >>> HTTP REQUEST GET https://mobilesdk-pa.googleapis.com/v1/projects/826913440156/clients/_:getWebAppConfig  
 Sun Nov 19 2017 12:39:29 GMT-0800 (PST)
[debug] [2017-11-19T20:39:29.714Z] <<< HTTP RESPONSE 200
[info] i  hosting: Serving hosting files from: public
[info] ✔  hosting: Local server: http://localhost:5000

